<?xml version="1.0" encoding="UTF-8"?>
<!-- Generated by org.testng.reporters.JUnitReportReporter -->
<testsuite hostname="LAPTOP-5MLVI5CQ" failures="0" tests="1" name="testsenarios.Testdemo1" time="0.017" errors="0" timestamp="2023-05-03T20:32:58 EDT" skipped="0">
  <testcase classname="testsenarios.Testdemo1" name="f" time="0.017"/>
  <system-out/>
</testsuite> <!-- testsenarios.Testdemo1 -->
