<?xml version="1.0" encoding="UTF-8"?>
<!-- Generated by org.testng.reporters.JUnitReportReporter -->
<testsuite hostname="LAPTOP-5MLVI5CQ" failures="0" tests="1" name="testsenarios.AutoTestData" time="14.237" errors="0" timestamp="2023-05-03T20:32:58 EDT" skipped="0">
  <testcase classname="testsenarios.AutoTestData" name="f" time="14.237"/>
  <system-out/>
</testsuite> <!-- testsenarios.AutoTestData -->
