<?xml version="1.0" encoding="UTF-8"?>
<!-- Generated by org.testng.reporters.JUnitReportReporter -->
<testsuite hostname="LAPTOP-5MLVI5CQ" failures="0" tests="1" name="testsenarios.MegaBus" time="29.128" errors="0" timestamp="2023-05-04T23:54:32 EDT" skipped="0">
  <testcase classname="testsenarios.MegaBus" name="f" time="29.128"/>
  <system-out/>
</testsuite> <!-- testsenarios.MegaBus -->
