<?xml version="1.0" encoding="UTF-8"?>
<!-- Generated by org.testng.reporters.JUnitReportReporter -->
<testsuite hostname="LAPTOP-5MLVI5CQ" failures="0" tests="1" name="testsenarios.AutoTestData" time="15.054" errors="0" timestamp="2023-05-02T22:51:58 EDT" skipped="0">
  <testcase classname="testsenarios.AutoTestData" name="f" time="15.054"/>
  <system-out/>
</testsuite> <!-- testsenarios.AutoTestData -->
